<?xml version="1.0" encoding="UTF-8"?>
<testng-results ignored="1" total="2" passed="1" failed="0" skipped="0">
  <reporter-output>
  </reporter-output>
  <suite started-at="2025-04-19T11:41:03 GMT+03:00" name="Default suite" finished-at="2025-04-19T11:41:05 GMT+03:00" duration-ms="2060">
    <groups>
    </groups>
    <test started-at="2025-04-19T11:41:03 GMT+03:00" name="Default test" finished-at="2025-04-19T11:41:05 GMT+03:00" duration-ms="2060">
      <class name="AppTest">
        <test-method is-config="true" signature="mySetup()[pri:0, instance:AppTest@2807bdeb]" started-at="2025-04-19T11:41:03 GMT+03:00" name="mySetup" finished-at="2025-04-19T11:41:04 GMT+03:00" duration-ms="1110" status="PASS">
          <reporter-output>
          </reporter-output>
        </test-method> <!-- mySetup -->
        <test-method signature="FillingtheInputFields()[pri:0, instance:AppTest@2807bdeb]" started-at="2025-04-19T11:41:04 GMT+03:00" name="FillingtheInputFields" finished-at="2025-04-19T11:41:05 GMT+03:00" duration-ms="879" status="PASS">
          <reporter-output>
          </reporter-output>
        </test-method> <!-- FillingtheInputFields -->
      </class> <!-- AppTest -->
    </test> <!-- Default test -->
  </suite> <!-- Default suite -->
</testng-results>
